  [1m[36mSQL (0.6ms)[0m  [1m SELECT name
 FROM sqlite_master
 WHERE type = 'table' AND NOT name = 'sqlite_sequence'
[0m
  [1m[36mSQL (0.6ms)[0m  [1m SELECT name
 FROM sqlite_master
 WHERE type = 'table' AND NOT name = 'sqlite_sequence'
[0m
  [1m[35mSQL (0.1ms)[0m  select sqlite_version(*)
  [1m[36mSQL (2.6ms)[0m  [1mCREATE TABLE "schema_migrations" ("version" varchar(255) NOT NULL) [0m
  [1m[35mSQL (0.1ms)[0m  PRAGMA index_list("schema_migrations")
  [1m[36mSQL (2.1ms)[0m  [1mCREATE UNIQUE INDEX "unique_schema_migrations" ON "schema_migrations" ("version")[0m
  [1m[35mSQL (0.2ms)[0m   SELECT name
 FROM sqlite_master
 WHERE type = 'table' AND NOT name = 'sqlite_sequence'
  [1m[36mSQL (0.1ms)[0m  [1m SELECT name
 FROM sqlite_master
 WHERE type = 'table' AND NOT name = 'sqlite_sequence'
[0m
  [1m[35mSQL (0.1ms)[0m  SELECT "schema_migrations"."version" FROM "schema_migrations"
Migrating to CreateComponents (20101217173535)
  [1m[36mSQL (0.5ms)[0m  [1mCREATE TABLE "calendars" ("id" INTEGER PRIMARY KEY AUTOINCREMENT NOT NULL, "ical" varchar(255), "created_at" datetime, "updated_at" datetime) [0m
  [1m[35mSQL (0.2ms)[0m  CREATE TABLE "events" ("id" INTEGER PRIMARY KEY AUTOINCREMENT NOT NULL, "calendar_id" integer, "dtstart" varchar(255), "dtend" varchar(255), "ical" varchar(255), "created_at" datetime, "updated_at" datetime) 
  [1m[36mSQL (0.2ms)[0m  [1mCREATE TABLE "patterns" ("id" INTEGER PRIMARY KEY AUTOINCREMENT NOT NULL, "owner_id" integer, "owner_type" varchar(255), "type" varchar(255), "rule" varchar(255)) [0m
  [1m[35mSQL (0.3ms)[0m  CREATE TABLE "journals" ("id" INTEGER PRIMARY KEY AUTOINCREMENT NOT NULL, "calendar_id" integer, "dtstart" varchar(255), "dtend" varchar(255), "ical" varchar(255), "categories" varchar(255), "description" varchar(255), "created_at" datetime, "updated_at" datetime) 
  [1m[36mSQL (0.2ms)[0m  [1mCREATE TABLE "todos" ("id" INTEGER PRIMARY KEY AUTOINCREMENT NOT NULL, "calendar_id" integer, "dtstart" varchar(255), "dtend" varchar(255), "ical" varchar(255), "created_at" datetime, "updated_at" datetime) [0m
  [1m[35mSQL (0.2ms)[0m  CREATE TABLE "free_busies" ("id" INTEGER PRIMARY KEY AUTOINCREMENT NOT NULL, "calendar_id" integer, "dtstart" varchar(255), "dtend" varchar(255), "ical" varchar(255), "created_at" datetime, "updated_at" datetime) 
  [1m[36mSQL (1.6ms)[0m  [1mCREATE TABLE "alarms" ("id" INTEGER PRIMARY KEY AUTOINCREMENT NOT NULL, "calendar_id" integer, "owner_type" varchar(255), "owner_id" integer, "dtstart" varchar(255), "dtend" varchar(255), "ical" varchar(255), "created_at" datetime, "updated_at" datetime) [0m
  [1m[35mSQL (0.1ms)[0m  INSERT INTO "schema_migrations" ("version") VALUES ('20101217173535')
Migrating to CreateInspectables (20101218062739)
  [1m[36mSQL (0.5ms)[0m  [1mCREATE TABLE "inspectables" ("id" INTEGER PRIMARY KEY AUTOINCREMENT NOT NULL, "created_at" datetime, "updated_at" datetime) [0m
  [1m[35mSQL (0.2ms)[0m  INSERT INTO "schema_migrations" ("version") VALUES ('20101218062739')
Migrating to CreateDummyResources (20101221031913)
  [1m[36mSQL (0.7ms)[0m  [1mCREATE TABLE "dummy_resources" ("id" INTEGER PRIMARY KEY AUTOINCREMENT NOT NULL, "suck" varchar(255), "created_at" datetime, "updated_at" datetime) [0m
  [1m[35mSQL (0.2ms)[0m  INSERT INTO "schema_migrations" ("version") VALUES ('20101221031913')
  [1m[36mSQL (0.4ms)[0m  [1m SELECT name
 FROM sqlite_master
 WHERE type = 'table' AND NOT name = 'sqlite_sequence'
[0m
  [1m[35mSQL (0.2ms)[0m  SELECT "schema_migrations"."version" FROM "schema_migrations"
  [1m[36mSQL (0.2ms)[0m  [1m SELECT name
 FROM sqlite_master
 WHERE type = 'table' AND NOT name = 'sqlite_sequence'
[0m
  [1m[35mSQL (0.1ms)[0m  PRAGMA index_list("alarms")
  [1m[36mSQL (0.0ms)[0m  [1mPRAGMA index_list("calendars")[0m
  [1m[35mSQL (0.1ms)[0m  PRAGMA index_list("dummy_resources")
  [1m[36mSQL (0.0ms)[0m  [1mPRAGMA index_list("events")[0m
  [1m[35mSQL (0.1ms)[0m  PRAGMA index_list("free_busies")
  [1m[36mSQL (0.0ms)[0m  [1mPRAGMA index_list("inspectables")[0m
  [1m[35mSQL (0.0ms)[0m  PRAGMA index_list("journals")
  [1m[36mSQL (0.0ms)[0m  [1mPRAGMA index_list("patterns")[0m
  [1m[35mSQL (0.0ms)[0m  PRAGMA index_list("todos")
  [1m[36mSQL (1.1ms)[0m  [1m SELECT name
 FROM sqlite_master
 WHERE type = 'table' AND NOT name = 'sqlite_sequence'
[0m
  [1m[35mSQL (0.6ms)[0m   SELECT name
 FROM sqlite_master
 WHERE type = 'table' AND NOT name = 'sqlite_sequence'
  [1m[36mAREL (0.7ms)[0m  [1mINSERT INTO "calendars" ("ical", "created_at", "updated_at") VALUES ('BEGIN:VCALENDAR
PRODID;X-RICAL-TZSOURCE=TZINFO:-//com.denhaven2/NONSGML ri_cal gem//EN
CALSCALE:GREGORIAN
VERSION:2.0
END:VCALENDAR
', '2010-12-21 05:14:52.457650', '2010-12-21 05:14:52.457650')[0m
  [1m[35mCalendar Load (0.3ms)[0m  SELECT "calendars".* FROM "calendars" WHERE ("calendars"."id" = 1) LIMIT 1
  [1m[36mEvent Load (0.3ms)[0m  [1mSELECT "events".* FROM "events" WHERE ("events".calendar_id = 1)[0m
  [1m[35mFreeBusy Load (0.2ms)[0m  SELECT "free_busies".* FROM "free_busies" WHERE ("free_busies".calendar_id = 1)
  [1m[36mJournal Load (0.2ms)[0m  [1mSELECT "journals".* FROM "journals" WHERE ("journals".calendar_id = 1)[0m
  [1m[35mTodo Load (0.2ms)[0m  SELECT "todos".* FROM "todos" WHERE ("todos".calendar_id = 1)
  [1m[36mAlarm Load (0.2ms)[0m  [1mSELECT "alarms".* FROM "alarms" WHERE ("alarms".owner_id = 1 AND "alarms".owner_type = 'Calendar')[0m
  [1m[35mAREL (0.5ms)[0m  INSERT INTO "events" ("calendar_id", "dtstart", "dtend", "ical", "created_at", "updated_at") VALUES (1, NULL, NULL, 'BEGIN:VEVENT
END:VEVENT
', '2010-12-21 05:17:26.011429', '2010-12-21 05:17:26.011429')
  [1m[36mAREL (0.7ms)[0m  [1mUPDATE "calendars" SET "ical" = 'BEGIN:VCALENDAR
PRODID;X-RICAL-TZSOURCE=TZINFO:-//com.denhaven2/NONSGML ri_cal gem//EN
CALSCALE:GREGORIAN
VERSION:2.0
BEGIN:VEVENT
END:VEVENT
END:VCALENDAR
', "updated_at" = '2010-12-21 05:17:36.275296' WHERE ("calendars"."id" = 1)[0m
  [1m[35mAREL (0.5ms)[0m  INSERT INTO "calendars" ("ical", "created_at", "updated_at") VALUES ('BEGIN:VCALENDAR
PRODID;X-RICAL-TZSOURCE=TZINFO:-//com.denhaven2/NONSGML ri_cal gem//EN
CALSCALE:GREGORIAN
VERSION:2.0
END:VCALENDAR
', '2010-12-21 05:18:19.294866', '2010-12-21 05:18:19.294866')
  [1m[36mAREL (0.5ms)[0m  [1mINSERT INTO "events" ("calendar_id", "dtstart", "dtend", "ical", "created_at", "updated_at") VALUES (2, NULL, NULL, 'BEGIN:VEVENT
END:VEVENT
', '2010-12-21 05:18:59.307181', '2010-12-21 05:18:59.307181')[0m
  [1m[35mSQL (0.5ms)[0m   SELECT name
 FROM sqlite_master
 WHERE type = 'table' AND NOT name = 'sqlite_sequence'
  [1m[36mSQL (0.5ms)[0m  [1m SELECT name
 FROM sqlite_master
 WHERE type = 'table' AND NOT name = 'sqlite_sequence'
[0m
  [1m[35mSQL (0.5ms)[0m   SELECT name
 FROM sqlite_master
 WHERE type = 'table' AND NOT name = 'sqlite_sequence'
  [1m[36mSQL (0.4ms)[0m  [1m SELECT name
 FROM sqlite_master
 WHERE type = 'table' AND NOT name = 'sqlite_sequence'
[0m
  [1m[35mSQL (0.4ms)[0m   SELECT name
 FROM sqlite_master
 WHERE type = 'table' AND NOT name = 'sqlite_sequence'
  [1m[36mSQL (0.3ms)[0m  [1m SELECT name
 FROM sqlite_master
 WHERE type = 'table' AND NOT name = 'sqlite_sequence'
[0m
  [1m[35mSQL (0.3ms)[0m   SELECT name
 FROM sqlite_master
 WHERE type = 'table' AND NOT name = 'sqlite_sequence'
  [1m[36mSQL (0.6ms)[0m  [1m SELECT name
 FROM sqlite_master
 WHERE type = 'table' AND NOT name = 'sqlite_sequence'
[0m
  [1m[35mSQL (0.5ms)[0m   SELECT name
 FROM sqlite_master
 WHERE type = 'table' AND NOT name = 'sqlite_sequence'
  [1m[36mSQL (0.6ms)[0m  [1m SELECT name
 FROM sqlite_master
 WHERE type = 'table' AND NOT name = 'sqlite_sequence'
[0m
  [1m[35mSQL (0.6ms)[0m   SELECT name
 FROM sqlite_master
 WHERE type = 'table' AND NOT name = 'sqlite_sequence'
  [1m[36mAREL (0.6ms)[0m  [1mINSERT INTO "events" ("calendar_id", "dtstart", "dtend", "ical", "created_at", "updated_at") VALUES (2, NULL, NULL, 'BEGIN:VEVENT
END:VEVENT
', '2010-12-21 05:30:47.512670', '2010-12-21 05:30:47.512670')[0m
  [1m[35mAREL (0.5ms)[0m  INSERT INTO "calendars" ("ical", "created_at", "updated_at") VALUES ('BEGIN:VCALENDAR
PRODID;X-RICAL-TZSOURCE=TZINFO:-//com.denhaven2/NONSGML ri_cal gem//EN
CALSCALE:GREGORIAN
VERSION:2.0
END:VCALENDAR
', '2010-12-21 05:32:09.498981', '2010-12-21 05:32:09.498981')
  [1m[36mAREL (0.8ms)[0m  [1mINSERT INTO "events" ("calendar_id", "dtstart", "dtend", "ical", "created_at", "updated_at") VALUES (3, NULL, NULL, 'BEGIN:VEVENT
END:VEVENT
', '2010-12-21 05:32:22.781781', '2010-12-21 05:32:22.781781')[0m
  [1m[35mCalendar Load (0.4ms)[0m  SELECT "calendars".* FROM "calendars" WHERE ("calendars"."id" = 3) LIMIT 1
  [1m[36mSQL (0.7ms)[0m  [1m SELECT name
 FROM sqlite_master
 WHERE type = 'table' AND NOT name = 'sqlite_sequence'
[0m
  [1m[35mSQL (0.5ms)[0m   SELECT name
 FROM sqlite_master
 WHERE type = 'table' AND NOT name = 'sqlite_sequence'
  [1m[36mSQL (0.6ms)[0m  [1m SELECT name
 FROM sqlite_master
 WHERE type = 'table' AND NOT name = 'sqlite_sequence'
[0m
  [1m[35mSQL (1.9ms)[0m   SELECT name
 FROM sqlite_master
 WHERE type = 'table' AND NOT name = 'sqlite_sequence'
  [1m[36mAREL (0.5ms)[0m  [1mINSERT INTO "calendars" ("ical", "created_at", "updated_at") VALUES ('BEGIN:VCALENDAR
PRODID;X-RICAL-TZSOURCE=TZINFO:-//com.denhaven2/NONSGML ri_cal gem//EN
CALSCALE:GREGORIAN
VERSION:2.0
END:VCALENDAR
', '2010-12-21 05:56:39.970329', '2010-12-21 05:56:39.970329')[0m
  [1m[35mAREL (0.4ms)[0m  INSERT INTO "events" ("calendar_id", "dtstart", "dtend", "ical", "created_at", "updated_at") VALUES (4, NULL, NULL, 'BEGIN:VEVENT
END:VEVENT
', '2010-12-21 05:57:06.973926', '2010-12-21 05:57:06.973926')
  [1m[36mSQL (0.4ms)[0m  [1m SELECT name
 FROM sqlite_master
 WHERE type = 'table' AND NOT name = 'sqlite_sequence'
[0m
  [1m[35mSQL (0.5ms)[0m   SELECT name
 FROM sqlite_master
 WHERE type = 'table' AND NOT name = 'sqlite_sequence'
  [1m[36mSQL (0.5ms)[0m  [1m SELECT name
 FROM sqlite_master
 WHERE type = 'table' AND NOT name = 'sqlite_sequence'
[0m
  [1m[35mSQL (0.3ms)[0m   SELECT name
 FROM sqlite_master
 WHERE type = 'table' AND NOT name = 'sqlite_sequence'
  [1m[36mSQL (0.4ms)[0m  [1m SELECT name
 FROM sqlite_master
 WHERE type = 'table' AND NOT name = 'sqlite_sequence'
[0m
  [1m[35mSQL (0.4ms)[0m   SELECT name
 FROM sqlite_master
 WHERE type = 'table' AND NOT name = 'sqlite_sequence'
  [1m[36mCalendar Load (0.4ms)[0m  [1mSELECT "calendars".* FROM "calendars" WHERE ("calendars"."id" = 3) LIMIT 1[0m
  [1m[35mCalendar Load (0.3ms)[0m  SELECT "calendars".* FROM "calendars" WHERE ("calendars"."id" = 3) LIMIT 1
  [1m[36mSQL (0.3ms)[0m  [1m SELECT name
 FROM sqlite_master
 WHERE type = 'table' AND NOT name = 'sqlite_sequence'
[0m
  [1m[35mAREL (0.5ms)[0m  INSERT INTO "calendars" ("ical", "created_at", "updated_at") VALUES ('BEGIN:VCALENDAR
PRODID;X-RICAL-TZSOURCE=TZINFO:-//com.denhaven2/NONSGML ri_cal gem//EN
CALSCALE:GREGORIAN
VERSION:2.0
END:VCALENDAR
', '2010-12-21 06:11:48.763019', '2010-12-21 06:11:48.763019')
  [1m[36mSQL (0.6ms)[0m  [1m SELECT name
 FROM sqlite_master
 WHERE type = 'table' AND NOT name = 'sqlite_sequence'
[0m
  [1m[35mSQL (0.3ms)[0m   SELECT name
 FROM sqlite_master
 WHERE type = 'table' AND NOT name = 'sqlite_sequence'
  [1m[36mSQL (0.4ms)[0m  [1m SELECT name
 FROM sqlite_master
 WHERE type = 'table' AND NOT name = 'sqlite_sequence'
[0m
  [1m[35mSQL (0.3ms)[0m   SELECT name
 FROM sqlite_master
 WHERE type = 'table' AND NOT name = 'sqlite_sequence'
  [1m[36mAREL (0.9ms)[0m  [1mINSERT INTO "calendars" ("ical", "created_at", "updated_at") VALUES ('BEGIN:VCALENDAR
PRODID;X-RICAL-TZSOURCE=TZINFO:-//com.denhaven2/NONSGML ri_cal gem//EN
CALSCALE:GREGORIAN
VERSION:2.0
END:VCALENDAR
', '2010-12-21 06:24:09.611813', '2010-12-21 06:24:09.611813')[0m
  [1m[35mAREL (0.6ms)[0m  INSERT INTO "calendars" ("ical", "created_at", "updated_at") VALUES ('BEGIN:VCALENDAR
PRODID;X-RICAL-TZSOURCE=TZINFO:-//com.denhaven2/NONSGML ri_cal gem//EN
CALSCALE:GREGORIAN
VERSION:2.0
END:VCALENDAR
', '2010-12-21 06:24:14.427005', '2010-12-21 06:24:14.427005')
  [1m[36mCalendar Load (0.4ms)[0m  [1mSELECT "calendars".* FROM "calendars" WHERE ("calendars"."id" = 7) LIMIT 1[0m
  [1m[35mAREL (0.7ms)[0m  INSERT INTO "calendars" ("ical", "created_at", "updated_at") VALUES ('BEGIN:VCALENDAR
PRODID;X-RICAL-TZSOURCE=TZINFO:-//com.denhaven2/NONSGML ri_cal gem//EN
CALSCALE:GREGORIAN
VERSION:2.0
END:VCALENDAR
', '2010-12-21 06:30:05.233240', '2010-12-21 06:30:05.233240')
  [1m[36mAREL (0.8ms)[0m  [1mINSERT INTO "calendars" ("ical", "created_at", "updated_at") VALUES ('BEGIN:VCALENDAR
PRODID;X-RICAL-TZSOURCE=TZINFO:-//com.denhaven2/NONSGML ri_cal gem//EN
CALSCALE:GREGORIAN
VERSION:2.0
END:VCALENDAR
', '2010-12-21 06:30:25.233917', '2010-12-21 06:30:25.233917')[0m
  [1m[35mAREL (0.5ms)[0m  INSERT INTO "events" ("calendar_id", "dtstart", "dtend", "ical", "created_at", "updated_at") VALUES (NULL, NULL, NULL, 'BEGIN:VEVENT
END:VEVENT
', '2010-12-21 06:30:28.440441', '2010-12-21 06:30:28.440441')
  [1m[36mAREL (0.5ms)[0m  [1mINSERT INTO "calendars" ("ical", "created_at", "updated_at") VALUES ('BEGIN:VCALENDAR
PRODID;X-RICAL-TZSOURCE=TZINFO:-//com.denhaven2/NONSGML ri_cal gem//EN
CALSCALE:GREGORIAN
VERSION:2.0
END:VCALENDAR
', '2010-12-21 06:33:18.771523', '2010-12-21 06:33:18.771523')[0m
  [1m[35mCalendar Load (0.3ms)[0m  SELECT "calendars".* FROM "calendars" WHERE ("calendars"."id" = 10) LIMIT 1
  [1m[36mAREL (0.5ms)[0m  [1mINSERT INTO "events" ("calendar_id", "dtstart", "dtend", "ical", "created_at", "updated_at") VALUES (10, NULL, NULL, 'BEGIN:VEVENT
END:VEVENT
', '2010-12-21 06:33:30.725457', '2010-12-21 06:33:30.725457')[0m
  [1m[35mSQL (0.4ms)[0m   SELECT name
 FROM sqlite_master
 WHERE type = 'table' AND NOT name = 'sqlite_sequence'
  [1m[36mSQL (0.3ms)[0m  [1m SELECT name
 FROM sqlite_master
 WHERE type = 'table' AND NOT name = 'sqlite_sequence'
[0m
  [1m[35mAREL (0.5ms)[0m  INSERT INTO "calendars" ("ical", "created_at", "updated_at") VALUES ('BEGIN:VCALENDAR
PRODID;X-RICAL-TZSOURCE=TZINFO:-//com.denhaven2/NONSGML ri_cal gem//EN
CALSCALE:GREGORIAN
VERSION:2.0
END:VCALENDAR
', '2010-12-21 06:35:39.499481', '2010-12-21 06:35:39.499481')
  [1m[36mCalendar Load (0.4ms)[0m  [1mSELECT "calendars".* FROM "calendars" WHERE ("calendars"."id" = 11) LIMIT 1[0m
  [1m[35mAREL (0.4ms)[0m  INSERT INTO "events" ("calendar_id", "dtstart", "dtend", "ical", "created_at", "updated_at") VALUES (11, NULL, NULL, 'BEGIN:VEVENT
END:VEVENT
', '2010-12-21 06:35:58.127258', '2010-12-21 06:35:58.127258')
  [1m[36mAREL (0.5ms)[0m  [1mINSERT INTO "calendars" ("ical", "created_at", "updated_at") VALUES ('BEGIN:VCALENDAR
PRODID;X-RICAL-TZSOURCE=TZINFO:-//com.denhaven2/NONSGML ri_cal gem//EN
CALSCALE:GREGORIAN
VERSION:2.0
END:VCALENDAR
', '2010-12-21 06:37:09.085475', '2010-12-21 06:37:09.085475')[0m
  [1m[35mCalendar Load (0.3ms)[0m  SELECT "calendars".* FROM "calendars" WHERE ("calendars"."id" = 12) LIMIT 1
  [1m[36mSQL (0.3ms)[0m  [1m SELECT name
 FROM sqlite_master
 WHERE type = 'table' AND NOT name = 'sqlite_sequence'
[0m
  [1m[35mSQL (0.3ms)[0m   SELECT name
 FROM sqlite_master
 WHERE type = 'table' AND NOT name = 'sqlite_sequence'
  [1m[36mAREL (0.6ms)[0m  [1mINSERT INTO "events" ("calendar_id", "dtstart", "dtend", "ical", "created_at", "updated_at") VALUES (12, NULL, NULL, 'BEGIN:VEVENT
END:VEVENT
', '2010-12-21 06:38:30.550069', '2010-12-21 06:38:30.550069')[0m
  [1m[35mCalendar Load (0.3ms)[0m  SELECT "calendars".* FROM "calendars" WHERE ("calendars"."id" = 12) LIMIT 1
  [1m[36mAREL (0.7ms)[0m  [1mINSERT INTO "calendars" ("ical", "created_at", "updated_at") VALUES ('BEGIN:VCALENDAR
PRODID;X-RICAL-TZSOURCE=TZINFO:-//com.denhaven2/NONSGML ri_cal gem//EN
CALSCALE:GREGORIAN
VERSION:2.0
END:VCALENDAR
', '2010-12-21 06:38:59.029215', '2010-12-21 06:38:59.029215')[0m
  [1m[35mCalendar Load (0.4ms)[0m  SELECT "calendars".* FROM "calendars" WHERE ("calendars"."id" = 13) LIMIT 1
  [1m[36mAREL (0.5ms)[0m  [1mINSERT INTO "events" ("calendar_id", "dtstart", "dtend", "ical", "created_at", "updated_at") VALUES (13, NULL, NULL, 'BEGIN:VEVENT
END:VEVENT
', '2010-12-21 06:39:03.214963', '2010-12-21 06:39:03.214963')[0m
  [1m[36mSQL (0.3ms)[0m  [1m SELECT name
 FROM sqlite_master
 WHERE type = 'table' AND NOT name = 'sqlite_sequence'
[0m
  [1m[35mAREL (0.5ms)[0m  INSERT INTO "calendars" ("ical", "created_at", "updated_at") VALUES ('BEGIN:VCALENDAR
PRODID;X-RICAL-TZSOURCE=TZINFO:-//com.denhaven2/NONSGML ri_cal gem//EN
CALSCALE:GREGORIAN
VERSION:2.0
END:VCALENDAR
', '2010-12-21 06:40:43.978647', '2010-12-21 06:40:43.978647')
  [1m[36mCalendar Load (0.3ms)[0m  [1mSELECT "calendars".* FROM "calendars" WHERE ("calendars"."id" = 14) LIMIT 1[0m
  [1m[35mAREL (0.4ms)[0m  INSERT INTO "events" ("calendar_id", "dtstart", "dtend", "ical", "created_at", "updated_at") VALUES (14, NULL, NULL, 'BEGIN:VEVENT
END:VEVENT
', '2010-12-21 06:41:16.319093', '2010-12-21 06:41:16.319093')
  [1m[36mAREL (0.2ms)[0m  [1mINSERT INTO "patterns" ("owner_id", "owner_type", "type", "rule") VALUES (11, 'Event', 'Patterns::RRule', 'FREQ=DAILY')[0m
  [1m[35mEvent Load (0.8ms)[0m  SELECT "events".* FROM "events" WHERE ("events".calendar_id = 14)
  [1m[36mFreeBusy Load (0.2ms)[0m  [1mSELECT "free_busies".* FROM "free_busies" WHERE ("free_busies".calendar_id = 14)[0m
  [1m[35mJournal Load (0.2ms)[0m  SELECT "journals".* FROM "journals" WHERE ("journals".calendar_id = 14)
  [1m[36mTodo Load (0.2ms)[0m  [1mSELECT "todos".* FROM "todos" WHERE ("todos".calendar_id = 14)[0m
  [1m[35mAlarm Load (0.2ms)[0m  SELECT "alarms".* FROM "alarms" WHERE ("alarms".owner_id = 14 AND "alarms".owner_type = 'Calendar')
  [1m[36mCalendar Load (0.5ms)[0m  [1mSELECT "calendars".* FROM "calendars" WHERE ("calendars"."id" = 14) LIMIT 1[0m
  [1m[36mCalendar Load (0.2ms)[0m  [1mSELECT "calendars".* FROM "calendars" ORDER BY calendars.id DESC LIMIT 1[0m
  [1m[35mEvent Load (0.4ms)[0m  SELECT "events".* FROM "events" WHERE ("events".calendar_id = 14) LIMIT 1
  [1m[36mAlarm Load (0.2ms)[0m  [1mSELECT "alarms".* FROM "alarms" WHERE ("alarms".owner_id = 11 AND "alarms".owner_type = 'Event')[0m
  [1m[35mEvent Load (0.6ms)[0m  SELECT "events".* FROM "events" WHERE ("events".calendar_id = 14) LIMIT 1
  [1m[36mEvent Load (0.7ms)[0m  [1mSELECT "events".* FROM "events" WHERE ("events".calendar_id = 14) LIMIT 1[0m
  [1m[35mAlarm Load (0.3ms)[0m  SELECT "alarms".* FROM "alarms" WHERE ("alarms".owner_id = 11 AND "alarms".owner_type = 'Event')
  [1m[36mSQL (0.5ms)[0m  [1m SELECT name
 FROM sqlite_master
 WHERE type = 'table' AND NOT name = 'sqlite_sequence'
[0m
  [1m[35mEvent Load (0.5ms)[0m  SELECT "events".* FROM "events" WHERE ("events".calendar_id = 14) LIMIT 1
  [1m[36mEvent Load (1.4ms)[0m  [1mSELECT "events".* FROM "events" WHERE ("events".calendar_id = 14) LIMIT 1[0m
  [1m[35mPattern Load (0.3ms)[0m  SELECT "patterns".* FROM "patterns" WHERE ("patterns".owner_id = 11 AND "patterns".owner_type = 'Event')
DEPRECATION WARNING: You are using the old router DSL which will be removed in Rails 3.1. Please check how to update your routes file at: http://www.engineyard.com/blog/2010/the-lowdown-on-routes-in-rails-3/. (called from <top (required)> at /Users/stevecaney/RubymineProjects/actic/lib/config/routes.rb:1)
DEPRECATION WARNING: You are using the old router DSL which will be removed in Rails 3.1. Please check how to update your routes file at: http://www.engineyard.com/blog/2010/the-lowdown-on-routes-in-rails-3/. (called from <top (required)> at /Users/stevecaney/RubymineProjects/actic/lib/config/routes.rb:1)
DEPRECATION WARNING: You are using the old router DSL which will be removed in Rails 3.1. Please check how to update your routes file at: http://www.engineyard.com/blog/2010/the-lowdown-on-routes-in-rails-3/. (called from <top (required)> at /Users/stevecaney/RubymineProjects/actic/lib/config/routes.rb:1)
DEPRECATION WARNING: You are using the old router DSL which will be removed in Rails 3.1. Please check how to update your routes file at: http://www.engineyard.com/blog/2010/the-lowdown-on-routes-in-rails-3/. (called from <top (required)> at /Users/stevecaney/RubymineProjects/actic/lib/config/routes.rb:1)
DEPRECATION WARNING: You are using the old router DSL which will be removed in Rails 3.1. Please check how to update your routes file at: http://www.engineyard.com/blog/2010/the-lowdown-on-routes-in-rails-3/. (called from <top (required)> at /Users/stevecaney/RubymineProjects/actic/lib/config/routes.rb:1)
DEPRECATION WARNING: You are using the old router DSL which will be removed in Rails 3.1. Please check how to update your routes file at: http://www.engineyard.com/blog/2010/the-lowdown-on-routes-in-rails-3/. (called from <top (required)> at /Users/stevecaney/RubymineProjects/actic/lib/config/routes.rb:1)
DEPRECATION WARNING: You are using the old router DSL which will be removed in Rails 3.1. Please check how to update your routes file at: http://www.engineyard.com/blog/2010/the-lowdown-on-routes-in-rails-3/. (called from <top (required)> at /Users/stevecaney/RubymineProjects/actic/lib/config/routes.rb:1)


Started GET "/calendars" for 127.0.0.1 at 2010-12-21 07:26:30 +0000

ActionController::RoutingError (wrong constant name ..):
  

Rendered /Users/stevecaney/.rvm/gems/ruby-1.9.2-p0/gems/actionpack-3.0.3/lib/action_dispatch/middleware/templates/rescues/routing_error.erb within rescues/layout (1.4ms)
DEPRECATION WARNING: You are using the old router DSL which will be removed in Rails 3.1. Please check how to update your routes file at: http://www.engineyard.com/blog/2010/the-lowdown-on-routes-in-rails-3/. (called from <top (required)> at /Users/stevecaney/RubymineProjects/actic/lib/config/routes.rb:1)


Started GET "/calendars" for 127.0.0.1 at 2010-12-21 07:27:37 +0000
  Processing by CalendarsController#index as HTML
  [1m[36mCalendar Load (0.5ms)[0m  [1mSELECT "calendars".* FROM "calendars"[0m
Completed   in 581ms

ActionView::MissingTemplate (Missing template calendars/index with {:handlers=>[:erb, :rjs, :builder, :rhtml, :rxml], :formats=>[:html], :locale=>[:en, :en]} in view paths "/Users/stevecaney/RubymineProjects/actic/spec/dummy/app/views", "/Users/stevecaney/RubymineProjects/actic/app/views"):
  

Rendered /Users/stevecaney/.rvm/gems/ruby-1.9.2-p0/gems/actionpack-3.0.3/lib/action_dispatch/middleware/templates/rescues/missing_template.erb within rescues/layout (1.1ms)
DEPRECATION WARNING: You are using the old router DSL which will be removed in Rails 3.1. Please check how to update your routes file at: http://www.engineyard.com/blog/2010/the-lowdown-on-routes-in-rails-3/. (called from <top (required)> at /Users/stevecaney/RubymineProjects/actic/lib/config/routes.rb:1)
DEPRECATION WARNING: You are using the old router DSL which will be removed in Rails 3.1. Please check how to update your routes file at: http://www.engineyard.com/blog/2010/the-lowdown-on-routes-in-rails-3/. (called from <top (required)> at /Users/stevecaney/RubymineProjects/actic/lib/config/routes.rb:1)
DEPRECATION WARNING: You are using the old router DSL which will be removed in Rails 3.1. Please check how to update your routes file at: http://www.engineyard.com/blog/2010/the-lowdown-on-routes-in-rails-3/. (called from <top (required)> at /Users/stevecaney/RubymineProjects/actic/lib/config/routes.rb:1)
DEPRECATION WARNING: You are using the old router DSL which will be removed in Rails 3.1. Please check how to update your routes file at: http://www.engineyard.com/blog/2010/the-lowdown-on-routes-in-rails-3/. (called from <top (required)> at /Users/stevecaney/RubymineProjects/actic/lib/config/routes.rb:1)
DEPRECATION WARNING: You are using the old router DSL which will be removed in Rails 3.1. Please check how to update your routes file at: http://www.engineyard.com/blog/2010/the-lowdown-on-routes-in-rails-3/. (called from <top (required)> at /Users/stevecaney/RubymineProjects/actic/lib/config/routes.rb:1)
DEPRECATION WARNING: You are using the old router DSL which will be removed in Rails 3.1. Please check how to update your routes file at: http://www.engineyard.com/blog/2010/the-lowdown-on-routes-in-rails-3/. (called from <top (required)> at /Users/stevecaney/RubymineProjects/actic/lib/config/routes.rb:1)
DEPRECATION WARNING: You are using the old router DSL which will be removed in Rails 3.1. Please check how to update your routes file at: http://www.engineyard.com/blog/2010/the-lowdown-on-routes-in-rails-3/. (called from <top (required)> at /Users/stevecaney/RubymineProjects/actic/lib/config/routes.rb:1)
DEPRECATION WARNING: You are using the old router DSL which will be removed in Rails 3.1. Please check how to update your routes file at: http://www.engineyard.com/blog/2010/the-lowdown-on-routes-in-rails-3/. (called from <top (required)> at /Users/stevecaney/RubymineProjects/actic/lib/config/routes.rb:1)
DEPRECATION WARNING: You are using the old router DSL which will be removed in Rails 3.1. Please check how to update your routes file at: http://www.engineyard.com/blog/2010/the-lowdown-on-routes-in-rails-3/. (called from <top (required)> at /Users/stevecaney/RubymineProjects/actic/lib/config/routes.rb:1)
DEPRECATION WARNING: You are using the old router DSL which will be removed in Rails 3.1. Please check how to update your routes file at: http://www.engineyard.com/blog/2010/the-lowdown-on-routes-in-rails-3/. (called from <top (required)> at /Users/stevecaney/RubymineProjects/actic/lib/config/routes.rb:1)
DEPRECATION WARNING: You are using the old router DSL which will be removed in Rails 3.1. Please check how to update your routes file at: http://www.engineyard.com/blog/2010/the-lowdown-on-routes-in-rails-3/. (called from <top (required)> at /Users/stevecaney/RubymineProjects/actic/lib/config/routes.rb:1)
DEPRECATION WARNING: You are using the old router DSL which will be removed in Rails 3.1. Please check how to update your routes file at: http://www.engineyard.com/blog/2010/the-lowdown-on-routes-in-rails-3/. (called from <top (required)> at /Users/stevecaney/RubymineProjects/actic/lib/config/routes.rb:1)
DEPRECATION WARNING: You are using the old router DSL which will be removed in Rails 3.1. Please check how to update your routes file at: http://www.engineyard.com/blog/2010/the-lowdown-on-routes-in-rails-3/. (called from <top (required)> at /Users/stevecaney/RubymineProjects/actic/lib/config/routes.rb:1)
DEPRECATION WARNING: You are using the old router DSL which will be removed in Rails 3.1. Please check how to update your routes file at: http://www.engineyard.com/blog/2010/the-lowdown-on-routes-in-rails-3/. (called from <top (required)> at /Users/stevecaney/RubymineProjects/actic/lib/config/routes.rb:1)
DEPRECATION WARNING: You are using the old router DSL which will be removed in Rails 3.1. Please check how to update your routes file at: http://www.engineyard.com/blog/2010/the-lowdown-on-routes-in-rails-3/. (called from <top (required)> at /Users/stevecaney/RubymineProjects/actic/lib/config/routes.rb:1)
DEPRECATION WARNING: You are using the old router DSL which will be removed in Rails 3.1. Please check how to update your routes file at: http://www.engineyard.com/blog/2010/the-lowdown-on-routes-in-rails-3/. (called from <top (required)> at /Users/stevecaney/RubymineProjects/actic/lib/config/routes.rb:1)
DEPRECATION WARNING: You are using the old router DSL which will be removed in Rails 3.1. Please check how to update your routes file at: http://www.engineyard.com/blog/2010/the-lowdown-on-routes-in-rails-3/. (called from <top (required)> at /Users/stevecaney/RubymineProjects/actic/lib/config/routes.rb:1)
DEPRECATION WARNING: You are using the old router DSL which will be removed in Rails 3.1. Please check how to update your routes file at: http://www.engineyard.com/blog/2010/the-lowdown-on-routes-in-rails-3/. (called from <top (required)> at /Users/stevecaney/RubymineProjects/actic/lib/config/routes.rb:1)
DEPRECATION WARNING: You are using the old router DSL which will be removed in Rails 3.1. Please check how to update your routes file at: http://www.engineyard.com/blog/2010/the-lowdown-on-routes-in-rails-3/. (called from <top (required)> at /Users/stevecaney/RubymineProjects/actic/lib/config/routes.rb:1)
DEPRECATION WARNING: You are using the old router DSL which will be removed in Rails 3.1. Please check how to update your routes file at: http://www.engineyard.com/blog/2010/the-lowdown-on-routes-in-rails-3/. (called from <top (required)> at /Users/stevecaney/RubymineProjects/actic/lib/config/routes.rb:1)
DEPRECATION WARNING: You are using the old router DSL which will be removed in Rails 3.1. Please check how to update your routes file at: http://www.engineyard.com/blog/2010/the-lowdown-on-routes-in-rails-3/. (called from <top (required)> at /Users/stevecaney/RubymineProjects/actic/lib/config/routes.rb:1)
DEPRECATION WARNING: You are using the old router DSL which will be removed in Rails 3.1. Please check how to update your routes file at: http://www.engineyard.com/blog/2010/the-lowdown-on-routes-in-rails-3/. (called from <top (required)> at /Users/stevecaney/RubymineProjects/actic/lib/config/routes.rb:1)
DEPRECATION WARNING: You are using the old router DSL which will be removed in Rails 3.1. Please check how to update your routes file at: http://www.engineyard.com/blog/2010/the-lowdown-on-routes-in-rails-3/. (called from <top (required)> at /Users/stevecaney/RubymineProjects/actic/lib/config/routes.rb:1)
DEPRECATION WARNING: You are using the old router DSL which will be removed in Rails 3.1. Please check how to update your routes file at: http://www.engineyard.com/blog/2010/the-lowdown-on-routes-in-rails-3/. (called from <top (required)> at /Users/stevecaney/RubymineProjects/actic/lib/config/routes.rb:1)
DEPRECATION WARNING: You are using the old router DSL which will be removed in Rails 3.1. Please check how to update your routes file at: http://www.engineyard.com/blog/2010/the-lowdown-on-routes-in-rails-3/. (called from <top (required)> at /Users/stevecaney/RubymineProjects/actic/lib/config/routes.rb:1)
DEPRECATION WARNING: You are using the old router DSL which will be removed in Rails 3.1. Please check how to update your routes file at: http://www.engineyard.com/blog/2010/the-lowdown-on-routes-in-rails-3/. (called from <top (required)> at /Users/stevecaney/RubymineProjects/actic/lib/config/routes.rb:1)
DEPRECATION WARNING: You are using the old router DSL which will be removed in Rails 3.1. Please check how to update your routes file at: http://www.engineyard.com/blog/2010/the-lowdown-on-routes-in-rails-3/. (called from <top (required)> at /Users/stevecaney/RubymineProjects/actic/lib/config/routes.rb:1)
DEPRECATION WARNING: You are using the old router DSL which will be removed in Rails 3.1. Please check how to update your routes file at: http://www.engineyard.com/blog/2010/the-lowdown-on-routes-in-rails-3/. (called from <top (required)> at /Users/stevecaney/RubymineProjects/actic/lib/config/routes.rb:1)
DEPRECATION WARNING: You are using the old router DSL which will be removed in Rails 3.1. Please check how to update your routes file at: http://www.engineyard.com/blog/2010/the-lowdown-on-routes-in-rails-3/. (called from <top (required)> at /Users/stevecaney/RubymineProjects/actic/lib/config/routes.rb:1)
  [1m[36mSQL (0.5ms)[0m  [1m SELECT name
 FROM sqlite_master
 WHERE type = 'table' AND NOT name = 'sqlite_sequence'
[0m
  [1m[35mSQL (0.1ms)[0m  select sqlite_version(*)
  [1m[36mSQL (2.7ms)[0m  [1mCREATE TABLE "schema_migrations" ("version" varchar(255) NOT NULL) [0m
  [1m[35mSQL (0.1ms)[0m  PRAGMA index_list("schema_migrations")
  [1m[36mSQL (2.2ms)[0m  [1mCREATE UNIQUE INDEX "unique_schema_migrations" ON "schema_migrations" ("version")[0m
  [1m[35mSQL (0.3ms)[0m   SELECT name
 FROM sqlite_master
 WHERE type = 'table' AND NOT name = 'sqlite_sequence'
  [1m[36mSQL (0.2ms)[0m  [1m SELECT name
 FROM sqlite_master
 WHERE type = 'table' AND NOT name = 'sqlite_sequence'
[0m
  [1m[35mSQL (0.1ms)[0m  SELECT "schema_migrations"."version" FROM "schema_migrations"
Migrating to CreateActicComponents (20101221090231)
  [1m[36mSQL (0.6ms)[0m  [1mCREATE TABLE "calendars" ("id" INTEGER PRIMARY KEY AUTOINCREMENT NOT NULL, "ical" varchar(255), "name" varchar(255), "created_at" datetime, "updated_at" datetime) [0m
  [1m[35mSQL (0.2ms)[0m  CREATE TABLE "events" ("id" INTEGER PRIMARY KEY AUTOINCREMENT NOT NULL, "calendar_id" integer, "dtstart" varchar(255), "dtend" varchar(255), "ical" varchar(255), "created_at" datetime, "updated_at" datetime) 
  [1m[36mSQL (0.2ms)[0m  [1mCREATE TABLE "patterns" ("id" INTEGER PRIMARY KEY AUTOINCREMENT NOT NULL, "owner_id" integer, "owner_type" varchar(255), "type" varchar(255), "rule" varchar(255)) [0m
  [1m[35mSQL (0.2ms)[0m  CREATE TABLE "journals" ("id" INTEGER PRIMARY KEY AUTOINCREMENT NOT NULL, "calendar_id" integer, "dtstart" varchar(255), "dtend" varchar(255), "ical" varchar(255), "categories" varchar(255), "description" varchar(255), "created_at" datetime, "updated_at" datetime) 
  [1m[36mSQL (0.2ms)[0m  [1mCREATE TABLE "todos" ("id" INTEGER PRIMARY KEY AUTOINCREMENT NOT NULL, "calendar_id" integer, "dtstart" varchar(255), "dtend" varchar(255), "ical" varchar(255), "created_at" datetime, "updated_at" datetime) [0m
  [1m[35mSQL (0.2ms)[0m  CREATE TABLE "free_busies" ("id" INTEGER PRIMARY KEY AUTOINCREMENT NOT NULL, "calendar_id" integer, "dtstart" varchar(255), "dtend" varchar(255), "ical" varchar(255), "created_at" datetime, "updated_at" datetime) 
  [1m[36mSQL (0.2ms)[0m  [1mCREATE TABLE "alarms" ("id" INTEGER PRIMARY KEY AUTOINCREMENT NOT NULL, "calendar_id" integer, "owner_type" varchar(255), "owner_id" integer, "dtstart" varchar(255), "dtend" varchar(255), "ical" varchar(255), "created_at" datetime, "updated_at" datetime) [0m
  [1m[35mSQL (0.1ms)[0m  INSERT INTO "schema_migrations" ("version") VALUES ('20101221090231')
  [1m[36mSQL (0.3ms)[0m  [1m SELECT name
 FROM sqlite_master
 WHERE type = 'table' AND NOT name = 'sqlite_sequence'
[0m
  [1m[35mSQL (0.1ms)[0m  SELECT "schema_migrations"."version" FROM "schema_migrations"
  [1m[36mSQL (0.2ms)[0m  [1m SELECT name
 FROM sqlite_master
 WHERE type = 'table' AND NOT name = 'sqlite_sequence'
[0m
  [1m[35mSQL (0.0ms)[0m  PRAGMA index_list("alarms")
  [1m[36mSQL (0.0ms)[0m  [1mPRAGMA index_list("calendars")[0m
  [1m[35mSQL (0.0ms)[0m  PRAGMA index_list("events")
  [1m[36mSQL (0.0ms)[0m  [1mPRAGMA index_list("free_busies")[0m
  [1m[35mSQL (0.0ms)[0m  PRAGMA index_list("journals")
  [1m[36mSQL (0.0ms)[0m  [1mPRAGMA index_list("patterns")[0m
  [1m[35mSQL (0.0ms)[0m  PRAGMA index_list("todos")
DEPRECATION WARNING: You are using the old router DSL which will be removed in Rails 3.1. Please check how to update your routes file at: http://www.engineyard.com/blog/2010/the-lowdown-on-routes-in-rails-3/. (called from <top (required)> at /Users/stevecaney/RubymineProjects/actic/lib/config/routes.rb:1)


Started GET "/calendars" for 127.0.0.1 at 2010-12-21 11:00:42 +0000
  Processing by CalendarsController#index as HTML
  [1m[36mCalendar Load (0.2ms)[0m  [1mSELECT "calendars".* FROM "calendars"[0m
Rendered /Users/stevecaney/RubymineProjects/actic/lib/app/views/calendars/index.html.haml within layouts/application (3.3ms)
Completed 200 OK in 181ms (Views: 11.0ms | ActiveRecord: 0.2ms)


Started GET "/calendars/1/events" for 127.0.0.1 at 2010-12-21 11:00:51 +0000

ActionController::RoutingError (wrong constant name eventsController):
  

Rendered /Users/stevecaney/.rvm/gems/ruby-1.9.2-p0/gems/actionpack-3.0.3/lib/action_dispatch/middleware/templates/rescues/routing_error.erb within rescues/layout (1.3ms)


Started GET "/calendars/1/events" for 127.0.0.1 at 2010-12-21 11:01:17 +0000
DEPRECATION WARNING: You are using the old router DSL which will be removed in Rails 3.1. Please check how to update your routes file at: http://www.engineyard.com/blog/2010/the-lowdown-on-routes-in-rails-3/. (called from <top (required)> at /Users/stevecaney/RubymineProjects/actic/lib/config/routes.rb:1)
  Processing by Calendars::EventsController#index as HTML
  Parameters: {"calendar_id"=>"1"}
Completed   in 1ms

NoMethodError (undefined method `events' for nil:NilClass):
  

Rendered /Users/stevecaney/.rvm/gems/ruby-1.9.2-p0/gems/actionpack-3.0.3/lib/action_dispatch/middleware/templates/rescues/_trace.erb (2.0ms)
Rendered /Users/stevecaney/.rvm/gems/ruby-1.9.2-p0/gems/actionpack-3.0.3/lib/action_dispatch/middleware/templates/rescues/_request_and_response.erb (23.2ms)
Rendered /Users/stevecaney/.rvm/gems/ruby-1.9.2-p0/gems/actionpack-3.0.3/lib/action_dispatch/middleware/templates/rescues/diagnostics.erb within rescues/layout (48.4ms)


Started GET "/calendars/1/events" for 127.0.0.1 at 2010-12-21 11:03:17 +0000
  Processing by Calendars::EventsController#index as HTML
  Parameters: {"calendar_id"=>"1"}
Completed   in 0ms

NoMethodError (undefined method `events' for nil:NilClass):
  

Rendered /Users/stevecaney/.rvm/gems/ruby-1.9.2-p0/gems/actionpack-3.0.3/lib/action_dispatch/middleware/templates/rescues/_trace.erb (1.4ms)
Rendered /Users/stevecaney/.rvm/gems/ruby-1.9.2-p0/gems/actionpack-3.0.3/lib/action_dispatch/middleware/templates/rescues/_request_and_response.erb (3.5ms)
Rendered /Users/stevecaney/.rvm/gems/ruby-1.9.2-p0/gems/actionpack-3.0.3/lib/action_dispatch/middleware/templates/rescues/diagnostics.erb within rescues/layout (11.1ms)


Started GET "/calendars" for 127.0.0.1 at 2010-12-21 20:57:32 +0000
DEPRECATION WARNING: You are using the old router DSL which will be removed in Rails 3.1. Please check how to update your routes file at: http://www.engineyard.com/blog/2010/the-lowdown-on-routes-in-rails-3/. (called from <top (required)> at /Users/stevecaney/RubymineProjects/actic/lib/config/routes.rb:1)
  Processing by CalendarsController#index as HTML
  [1m[35mCalendar Load (0.3ms)[0m  SELECT "calendars".* FROM "calendars"
Rendered /Users/stevecaney/RubymineProjects/actic/lib/app/views/calendars/index.html.haml within layouts/application (25.5ms)
Completed 200 OK in 663ms (Views: 33.6ms | ActiveRecord: 0.3ms)


Started GET "/calendars/new" for 127.0.0.1 at 2010-12-21 20:57:37 +0000
  Processing by CalendarsController#new as HTML
Rendered /Users/stevecaney/RubymineProjects/actic/lib/app/views/calendars/new.html.haml within layouts/application (3.1ms)
Completed 200 OK in 856ms (Views: 10.2ms | ActiveRecord: 0.0ms)
DEPRECATION WARNING: You are using the old router DSL which will be removed in Rails 3.1. Please check how to update your routes file at: http://www.engineyard.com/blog/2010/the-lowdown-on-routes-in-rails-3/. (called from <top (required)> at /Users/stevecaney/RubymineProjects/actic/lib/config/routes.rb:1)
  [1m[36mSQL (0.6ms)[0m  [1m SELECT name
 FROM sqlite_master
 WHERE type = 'table' AND NOT name = 'sqlite_sequence'
[0m
  [1m[35mAREL (0.5ms)[0m  INSERT INTO "calendars" ("ical", "name", "created_at", "updated_at") VALUES ('BEGIN:VCALENDAR
PRODID;X-RICAL-TZSOURCE=TZINFO:-//com.denhaven2/NONSGML ri_cal gem//EN
CALSCALE:GREGORIAN
VERSION:2.0
END:VCALENDAR
', NULL, '2010-12-21 20:58:24.453823', '2010-12-21 20:58:24.453823')


Started GET "/calendars/1/events" for 127.0.0.1 at 2010-12-21 20:58:34 +0000
  Processing by Calendars::EventsController#index as HTML
  Parameters: {"calendar_id"=>"1"}
  [1m[36mSQL (0.3ms)[0m  [1m SELECT name
 FROM sqlite_master
 WHERE type = 'table' AND NOT name = 'sqlite_sequence'
[0m
  [1m[35mCalendar Load (0.5ms)[0m  SELECT "calendars".* FROM "calendars" WHERE ("calendars"."id" = 1) LIMIT 1
Completed   in 198ms

ActionView::MissingTemplate (Missing template calendars/events/index with {:handlers=>[:erb, :rjs, :builder, :rhtml, :rxml, :haml], :formats=>[:html], :locale=>[:en, :en]} in view paths "/Users/stevecaney/RubymineProjects/actic/spec/dummy/app/views", "/Users/stevecaney/RubymineProjects/actic/lib/app/views"):
  

Rendered /Users/stevecaney/.rvm/gems/ruby-1.9.2-p0/gems/actionpack-3.0.3/lib/action_dispatch/middleware/templates/rescues/missing_template.erb within rescues/layout (1.0ms)


Started GET "/calendars/1/events" for 127.0.0.1 at 2010-12-21 21:04:05 +0000
  Processing by Calendars::EventsController#index as HTML
  Parameters: {"calendar_id"=>"1"}
  [1m[36mCalendar Load (0.4ms)[0m  [1mSELECT "calendars".* FROM "calendars" WHERE ("calendars"."id" = 1) LIMIT 1[0m
Rendered /Users/stevecaney/RubymineProjects/actic/lib/app/views/calendars/events/index.html.haml within layouts/application (3.1ms)
Completed 200 OK in 161ms (Views: 10.3ms | ActiveRecord: 0.4ms)
DEPRECATION WARNING: You are using the old router DSL which will be removed in Rails 3.1. Please check how to update your routes file at: http://www.engineyard.com/blog/2010/the-lowdown-on-routes-in-rails-3/. (called from <top (required)> at /Users/stevecaney/RubymineProjects/actic/lib/config/routes.rb:1)


Started GET "/calendars.json" for 127.0.0.1 at 2010-12-22 04:48:40 +0000
  Processing by CalendarsController#index as JSON
  [1m[36mCalendar Load (0.4ms)[0m  [1mSELECT "calendars".* FROM "calendars"[0m
Completed 200 OK in 795ms (Views: 62.9ms | ActiveRecord: 0.0ms)


Started GET "/calendars.json" for 127.0.0.1 at 2010-12-22 04:52:35 +0000
  Processing by CalendarsController#index as JSON
  [1m[35mCalendar Load (0.5ms)[0m  SELECT "calendars".* FROM "calendars"
Completed   in 165ms

ArgumentError (wrong number of arguments (1 for 0)):
  

Rendered /Users/stevecaney/.rvm/gems/ruby-1.9.2-p0/gems/actionpack-3.0.3/lib/action_dispatch/middleware/templates/rescues/_trace.erb (1.7ms)
Rendered /Users/stevecaney/.rvm/gems/ruby-1.9.2-p0/gems/actionpack-3.0.3/lib/action_dispatch/middleware/templates/rescues/_request_and_response.erb (3.8ms)
Rendered /Users/stevecaney/.rvm/gems/ruby-1.9.2-p0/gems/actionpack-3.0.3/lib/action_dispatch/middleware/templates/rescues/diagnostics.erb within rescues/layout (12.0ms)


Started GET "/calendars.json" for 127.0.0.1 at 2010-12-22 04:53:03 +0000
  Processing by CalendarsController#index as JSON
  [1m[36mCalendar Load (0.4ms)[0m  [1mSELECT "calendars".* FROM "calendars"[0m
Completed 200 OK in 302ms (Views: 4.8ms | ActiveRecord: 0.0ms)
DEPRECATION WARNING: You are using the old router DSL which will be removed in Rails 3.1. Please check how to update your routes file at: http://www.engineyard.com/blog/2010/the-lowdown-on-routes-in-rails-3/. (called from <top (required)> at /Users/stevecaney/RubymineProjects/actic/lib/config/routes.rb:1)


Started GET "/" for 127.0.0.1 at 2010-12-23 07:48:03 +0000

ActionController::RoutingError (No route matches "/"):
  

Rendered /Users/stevecaney/.rvm/gems/ruby-1.9.2-p0/gems/actionpack-3.0.3/lib/action_dispatch/middleware/templates/rescues/routing_error.erb within rescues/layout (1.8ms)


Started GET "/calendars" for 127.0.0.1 at 2010-12-23 07:48:12 +0000
  Processing by CalendarsController#index as HTML
  [1m[36mCalendar Load (0.4ms)[0m  [1mSELECT "calendars".* FROM "calendars"[0m
Rendered /Users/stevecaney/RubymineProjects/actic/lib/app/views/calendars/index.html.haml within layouts/application (3.4ms)
Completed 200 OK in 764ms (Views: 12.0ms | ActiveRecord: 0.4ms)


Started GET "/calendars.json" for 127.0.0.1 at 2010-12-23 07:48:19 +0000
  Processing by CalendarsController#index as JSON
  [1m[35mCalendar Load (0.4ms)[0m  SELECT "calendars".* FROM "calendars"
Completed 200 OK in 207ms (Views: 48.0ms | ActiveRecord: 0.0ms)


Started GET "/calendars" for 127.0.0.1 at 2010-12-23 08:06:28 +0000
  Processing by CalendarsController#index as HTML
  [1m[36mCalendar Load (0.3ms)[0m  [1mSELECT "calendars".* FROM "calendars"[0m
Rendered /Users/stevecaney/RubymineProjects/actic/lib/app/views/calendars/index.html.haml within layouts/application (47.5ms)
Completed 200 OK in 201ms (Views: 55.5ms | ActiveRecord: 0.3ms)


Started GET "/calendars" for 127.0.0.1 at 2010-12-23 08:06:34 +0000
  Processing by CalendarsController#index as HTML
  [1m[35mCalendar Load (0.3ms)[0m  SELECT "calendars".* FROM "calendars"
Rendered /Users/stevecaney/RubymineProjects/actic/lib/app/views/calendars/index.html.haml within layouts/application (3.0ms)
Completed 200 OK in 151ms (Views: 9.7ms | ActiveRecord: 0.3ms)


Started GET "/calendars.js" for 127.0.0.1 at 2010-12-23 08:06:41 +0000
  Processing by CalendarsController#index as JS
  [1m[36mCalendar Load (0.4ms)[0m  [1mSELECT "calendars".* FROM "calendars"[0m
Completed 406 Not Acceptable in 140ms


Started GET "/calendars" for 127.0.0.1 at 2010-12-23 08:11:20 +0000
  Processing by CalendarsController#index as JSON
  [1m[35mCalendar Load (0.4ms)[0m  SELECT "calendars".* FROM "calendars"
Completed 200 OK in 209ms (Views: 5.2ms | ActiveRecord: 0.0ms)
DEPRECATION WARNING: You are using the old router DSL which will be removed in Rails 3.1. Please check how to update your routes file at: http://www.engineyard.com/blog/2010/the-lowdown-on-routes-in-rails-3/. (called from <top (required)> at /Users/stevecaney/RubymineProjects/actic/lib/config/routes.rb:1)


Started GET "/calendars" for 127.0.0.1 at 2010-12-23 08:16:07 +0000
  Processing by CalendarsController#index as JSON
  [1m[36mCalendar Load (0.4ms)[0m  [1mSELECT "calendars".* FROM "calendars"[0m
Completed 200 OK in 701ms (Views: 3.9ms | ActiveRecord: 0.0ms)


Started GET "/calendars.js" for 127.0.0.1 at 2010-12-23 08:16:52 +0000
  Processing by CalendarsController#index as JS
  [1m[35mCalendar Load (0.3ms)[0m  SELECT "calendars".* FROM "calendars"
Completed 406 Not Acceptable in 143ms


Started GET "/calendars.json" for 127.0.0.1 at 2010-12-23 08:17:17 +0000
  Processing by CalendarsController#index as JSON
  [1m[36mCalendar Load (0.3ms)[0m  [1mSELECT "calendars".* FROM "calendars"[0m
Completed 200 OK in 164ms (Views: 3.9ms | ActiveRecord: 0.0ms)


Started GET "/calendars.js" for 127.0.0.1 at 2010-12-23 08:17:21 +0000
  Processing by CalendarsController#index as JS
  [1m[35mCalendar Load (0.3ms)[0m  SELECT "calendars".* FROM "calendars"
Completed 406 Not Acceptable in 189ms


Started GET "/calendars.json" for 127.0.0.1 at 2010-12-23 08:17:39 +0000
  Processing by CalendarsController#index as JSON
  [1m[36mCalendar Load (0.4ms)[0m  [1mSELECT "calendars".* FROM "calendars"[0m
Completed 200 OK in 199ms (Views: 3.9ms | ActiveRecord: 0.0ms)


Started GET "/calendars" for 127.0.0.1 at 2010-12-23 08:18:27 +0000
  Processing by CalendarsController#index as JSON
  [1m[35mCalendar Load (1.3ms)[0m  SELECT "calendars".* FROM "calendars"
Completed 200 OK in 178ms (Views: 4.0ms | ActiveRecord: 0.0ms)
DEPRECATION WARNING: You are using the old router DSL which will be removed in Rails 3.1. Please check how to update your routes file at: http://www.engineyard.com/blog/2010/the-lowdown-on-routes-in-rails-3/. (called from <top (required)> at /Users/stevecaney/RubymineProjects/actic/lib/config/routes.rb:1)


Started GET "/calendars" for 127.0.0.1 at 2010-12-23 08:20:11 +0000
  Processing by CalendarsController#index as JSON
  [1m[36mCalendar Load (0.5ms)[0m  [1mSELECT "calendars".* FROM "calendars"[0m
Completed 200 OK in 591ms (Views: 3.8ms | ActiveRecord: 0.0ms)
DEPRECATION WARNING: You are using the old router DSL which will be removed in Rails 3.1. Please check how to update your routes file at: http://www.engineyard.com/blog/2010/the-lowdown-on-routes-in-rails-3/. (called from <top (required)> at /Users/stevecaney/RubymineProjects/actic/lib/config/routes.rb:1)


Started GET "/calendars" for 127.0.0.1 at 2010-12-23 08:23:27 +0000
  Processing by CalendarsController#index as JSON
  [1m[36mCalendar Load (0.5ms)[0m  [1mSELECT "calendars".* FROM "calendars"[0m
Completed 200 OK in 744ms (Views: 3.8ms | ActiveRecord: 0.0ms)


Started GET "/calendars" for 127.0.0.1 at 2010-12-23 08:24:07 +0000
  Processing by CalendarsController#index as JSON
  [1m[35mCalendar Load (0.4ms)[0m  SELECT "calendars".* FROM "calendars"
Completed 200 OK in 201ms (Views: 3.8ms | ActiveRecord: 0.0ms)


Started GET "/calendars" for 127.0.0.1 at 2010-12-23 08:24:14 +0000
  Processing by CalendarsController#index as JSON
  [1m[36mCalendar Load (0.7ms)[0m  [1mSELECT "calendars".* FROM "calendars"[0m
Completed 200 OK in 200ms (Views: 3.7ms | ActiveRecord: 0.0ms)


Started GET "/calendars" for 127.0.0.1 at 2010-12-23 08:24:39 +0000
  Processing by CalendarsController#index as JSON
  [1m[35mCalendar Load (0.4ms)[0m  SELECT "calendars".* FROM "calendars"
Completed 200 OK in 239ms (Views: 3.7ms | ActiveRecord: 0.0ms)


Started GET "/calendars" for 127.0.0.1 at 2010-12-23 08:26:54 +0000
  Processing by CalendarsController#index as JSON
  [1m[36mCalendar Load (0.5ms)[0m  [1mSELECT "calendars".* FROM "calendars"[0m
Completed 200 OK in 199ms (Views: 3.8ms | ActiveRecord: 0.0ms)


Started GET "/calendars" for 127.0.0.1 at 2010-12-23 08:30:10 +0000
  Processing by CalendarsController#index as JSON
  [1m[35mCalendar Load (0.4ms)[0m  SELECT "calendars".* FROM "calendars"
Completed 200 OK in 219ms (Views: 3.8ms | ActiveRecord: 0.0ms)


Started GET "/calendars" for 127.0.0.1 at 2010-12-23 08:42:54 +0000
  Processing by CalendarsController#index as JSON
  [1m[36mCalendar Load (0.4ms)[0m  [1mSELECT "calendars".* FROM "calendars"[0m
Completed 200 OK in 166ms (Views: 3.8ms | ActiveRecord: 0.0ms)


Started GET "/calendars" for 127.0.0.1 at 2010-12-23 08:50:40 +0000
  Processing by CalendarsController#index as JSON
  [1m[35mCalendar Load (0.5ms)[0m  SELECT "calendars".* FROM "calendars"
Completed 200 OK in 157ms (Views: 3.8ms | ActiveRecord: 0.0ms)


Started GET "/calendars" for 127.0.0.1 at 2010-12-23 08:53:42 +0000
  Processing by CalendarsController#index as HTML
  [1m[36mCalendar Load (0.3ms)[0m  [1mSELECT "calendars".* FROM "calendars"[0m
Rendered /Users/stevecaney/RubymineProjects/actic/lib/app/views/calendars/index.html.haml within layouts/application (38.3ms)
Completed 200 OK in 192ms (Views: 46.4ms | ActiveRecord: 0.3ms)


Started GET "/calendars.json" for 127.0.0.1 at 2010-12-23 08:53:49 +0000
  Processing by CalendarsController#index as JSON
  [1m[35mCalendar Load (0.5ms)[0m  SELECT "calendars".* FROM "calendars"
Completed 200 OK in 153ms (Views: 3.8ms | ActiveRecord: 0.0ms)


Started GET "/calendars.json" for 127.0.0.1 at 2010-12-23 08:54:06 +0000
  Processing by CalendarsController#index as JSON
  [1m[36mCalendar Load (0.3ms)[0m  [1mSELECT "calendars".* FROM "calendars"[0m
Completed 200 OK in 152ms (Views: 3.8ms | ActiveRecord: 0.0ms)


Started GET "/calendars" for 127.0.0.1 at 2010-12-23 08:54:41 +0000
  Processing by CalendarsController#index as JSON
  [1m[35mCalendar Load (0.4ms)[0m  SELECT "calendars".* FROM "calendars"
Completed 200 OK in 164ms (Views: 3.7ms | ActiveRecord: 0.0ms)
